#
# A fatal error has been detected by the Java Runtime Environment:
#
#  Internal Error (javaClasses.cpp:127), pid=3668, tid=7256
#  fatal error: Invalid layout of preloaded class
#
# JRE version:  (8.0_51-b16) (build )
# Java VM: Java HotSpot(TM) 64-Bit Server VM (25.51-b03 mixed mode windows-amd64 compressed oops)
# Failed to write core dump. Minidumps are not enabled by default on client versions of Windows
#
# If you would like to submit a bug report, please visit:
#   http://bugreport.java.com/bugreport/crash.jsp
#

---------------  T H R E A D  ---------------

Current thread (0x000000000220d800):  JavaThread "Unknown thread" [_thread_in_vm, id=7256, stack(0x0000000002210000,0x0000000002310000)]

Stack: [0x0000000002210000,0x0000000002310000]
Native frames: (J=compiled Java code, j=interpreted, Vv=VM code, C=native code)
V  [jvm.dll+0x32b4ca]
V  [jvm.dll+0x2797e3]
V  [jvm.dll+0x27a479]
V  [jvm.dll+0x2716e6]
V  [jvm.dll+0x67fc3]
V  [jvm.dll+0x680b3]
V  [jvm.dll+0x7d6da]
V  [jvm.dll+0x7da46]
V  [jvm.dll+0xf2087]
V  [jvm.dll+0xf2416]
V  [jvm.dll+0x20f077]
V  [jvm.dll+0x240d2a]
V  [jvm.dll+0x15b9a1]
C  [javaw.exe+0x217e]
C  [javaw.exe+0xcd37]
C  [javaw.exe+0xcdcb]
C  [KERNEL32.DLL+0x18102]
C  [ntdll.dll+0x5c2e4]


---------------  P R O C E S S  ---------------

Java Threads: ( => current thread )

Other Threads:

=>0x000000000220d800 (exited) JavaThread "Unknown thread" [_thread_in_vm, id=7256, stack(0x0000000002210000,0x0000000002310000)]

VM state:not at safepoint (not fully initialized)

VM Mutex/Monitor currently owned by a thread: None

GC Heap History (0 events):
No events

Deoptimization events (0 events):
No events

Internal exceptions (0 events):
No events

Events (10 events):
Event: 0.153 loading class java/lang/CharSequence done
Event: 0.153 loading class java/lang/String done
Event: 0.153 loading class java/lang/Class
Event: 0.153 loading class java/lang/reflect/AnnotatedElement
Event: 0.153 loading class java/lang/reflect/AnnotatedElement done
Event: 0.153 loading class java/lang/reflect/GenericDeclaration
Event: 0.153 loading class java/lang/reflect/GenericDeclaration done
Event: 0.153 loading class java/lang/reflect/Type
Event: 0.153 loading class java/lang/reflect/Type done
Event: 0.153 loading class java/lang/Class done


Dynamic libraries:
0x00007ff6d5d80000 - 0x00007ff6d5db7000 	C:\Program Files\Java\jdk1.8.0_51\bin\javaw.exe
0x00007ffa34330000 - 0x00007ffa344f1000 	C:\WINDOWS\SYSTEM32\ntdll.dll
0x00007ffa33fb0000 - 0x00007ffa3405d000 	C:\WINDOWS\system32\KERNEL32.DLL
0x00007ffa30b80000 - 0x00007ffa30d68000 	C:\WINDOWS\system32\KERNELBASE.dll
0x00007ffa33f00000 - 0x00007ffa33fa7000 	C:\WINDOWS\system32\ADVAPI32.dll
0x00007ffa33c50000 - 0x00007ffa33ced000 	C:\WINDOWS\system32\msvcrt.dll
0x00007ffa33e20000 - 0x00007ffa33e7b000 	C:\WINDOWS\system32\sechost.dll
0x00007ffa33cf0000 - 0x00007ffa33e0c000 	C:\WINDOWS\system32\RPCRT4.dll
0x00007ffa31a40000 - 0x00007ffa31b96000 	C:\WINDOWS\system32\USER32.dll
0x00007ffa337b0000 - 0x00007ffa33936000 	C:\WINDOWS\system32\GDI32.dll
0x00007ffa26d30000 - 0x00007ffa26fa4000 	C:\WINDOWS\WinSxS\amd64_microsoft.windows.common-controls_6595b64144ccf1df_6.0.10586.0_none_8c15ae12515e1c22\COMCTL32.dll
0x00007ffa33940000 - 0x00007ffa33bbd000 	C:\WINDOWS\system32\combase.dll
0x00007ffa30d70000 - 0x00007ffa30dda000 	C:\WINDOWS\system32\bcryptPrimitives.dll
0x00007ffa31840000 - 0x00007ffa3187b000 	C:\WINDOWS\system32\IMM32.DLL
0x0000000051ad0000 - 0x0000000051ba2000 	C:\Program Files\Java\jdk1.8.0_51\jre\bin\msvcr100.dll
0x0000000051240000 - 0x0000000051ac3000 	C:\Program Files\Java\jdk1.8.0_51\jre\bin\server\jvm.dll
0x00007ffa33e10000 - 0x00007ffa33e18000 	C:\WINDOWS\system32\PSAPI.DLL
0x00007ffa2e860000 - 0x00007ffa2e883000 	C:\WINDOWS\SYSTEM32\WINMM.dll
0x00007ffa2b580000 - 0x00007ffa2b589000 	C:\WINDOWS\SYSTEM32\WSOCK32.dll
0x00007ffa2c590000 - 0x00007ffa2c59a000 	C:\WINDOWS\SYSTEM32\VERSION.dll
0x00007ffa33e80000 - 0x00007ffa33eeb000 	C:\WINDOWS\system32\WS2_32.dll
0x00007ffa2e470000 - 0x00007ffa2e49c000 	C:\WINDOWS\SYSTEM32\WINMMBASE.dll
0x00007ffa30a70000 - 0x00007ffa30ab3000 	C:\WINDOWS\system32\cfgmgr32.dll
0x0000000051230000 - 0x000000005123f000 	C:\Program Files\Java\jdk1.8.0_51\jre\bin\verify.dll
0x0000000051200000 - 0x0000000051229000 	C:\Program Files\Java\jdk1.8.0_51\jre\bin\java.dll
0x00000000511e0000 - 0x00000000511f6000 	C:\Program Files\Java\jdk1.8.0_51\jre\bin\zip.dll
0x00007ffa16690000 - 0x00007ffa1681c000 	C:\WINDOWS\SYSTEM32\dbghelp.dll

VM Arguments:
jvm_args: -Dfile.encoding=Cp1251 -Xbootclasspath/p:C:\Android\sdk\platforms\android-17\android.jar;C:\Android\sdk\add-ons\addon-google_apis-google-17\libs\usb.jar;C:\Android\sdk\add-ons\addon-google_apis-google-17\libs\effects.jar;C:\Android\sdk\add-ons\addon-google_apis-google-17\libs\maps.jar 
java_command: com.example.andecl1.Matrix
java_class_path (initial): E:\eclipse\workspace\andEcl1\bin\classes;E:\eclipse\workspace\andEcl1\libs\android-support-v4.jar
Launcher Type: SUN_STANDARD

Environment Variables:
JAVA_HOME=C:\Program Files\Java\jdk1.8.0_51
PATH=C:/Program Files/Java/jre1.8.0_66/bin/server;C:/Program Files/Java/jre1.8.0_66/bin;C:/Program Files/Java/jre1.8.0_66/lib/amd64;C:\ProgramData\Oracle\Java\javapath;C:\Program Files (x86)\NVIDIA Corporation\PhysX\Common;C:\WINDOWS\system32;C:\WINDOWS;C:\WINDOWS\System32\Wbem;C:\WINDOWS\System32\WindowsPowerShell\v1.0\;C:\Program Files (x86)\ATI Technologies\ATI.ACE\Core-Static;C:\Program Files (x86)\AMD\ATI.ACE\Core-Static;C:\Program Files (x86)\Skype\Phone\;C:\Program Files\Microsoft SQL Server\Client SDK\ODBC\110\Tools\Binn\;C:\Program Files (x86)\Microsoft SQL Server\120\Tools\Binn\ManagementStudio\;C:\Program Files (x86)\Microsoft SQL Server\120\Tools\Binn\;C:\Program Files\Microsoft SQL Server\120\Tools\Binn\;C:\Program Files (x86)\Microsoft SQL Server\120\DTS\Binn\;C:\Program Files\Microsoft SQL Server\120\DTS\Binn\;C:\maven\bin;C:\Program Files\Java\jdk1.8.0_51\bin;E:\eclipse;
USERNAME=faa11
OS=Windows_NT
PROCESSOR_IDENTIFIER=AMD64 Family 21 Model 2 Stepping 0, AuthenticAMD



---------------  S Y S T E M  ---------------

OS: Windows 10.0 , 64 bit Build 10586 (10.0.10586.0)

CPU:total 8 (8 cores per cpu, 1 threads per core) family 21 model 2 stepping 0, cmov, cx8, fxsr, mmx, sse, sse2, sse3, ssse3, sse4.1, sse4.2, popcnt, avx, aes, clmul, mmxext, 3dnowpref, lzcnt, sse4a, tsc, tscinvbit, tscinv, bmi1

Memory: 4k page, physical 8352420k(4243032k free), swap 12546724k(6208780k free)

vm_info: Java HotSpot(TM) 64-Bit Server VM (25.51-b03) for windows-amd64 JRE (1.8.0_51-b16), built on Jun  8 2015 18:03:07 by "java_re" with MS VC++ 10.0 (VS2010)

time: Thu Dec 10 23:41:18 2015
elapsed time: 0 seconds (0d 0h 0m 0s)

